<?xml version="1.0" encoding="UTF-8"?>
<!-- Generated by org.testng.reporters.JUnitReportReporter -->
<testsuite skipped="0" hostname="JexPC" name="com.testsuite.addtocart.testcase1_addItemsToCart" tests="1" failures="0" timestamp="31 Jul 2019 16:50:50 GMT" time="0.704" errors="0">
  <testcase name="addItemToCart" time="0.704" classname="com.testsuite.addtocart.testcase1_addItemsToCart"/>
</testsuite> <!-- com.testsuite.addtocart.testcase1_addItemsToCart -->
