<?xml version="1.0" encoding="UTF-8"?>
<!-- Generated by org.testng.reporters.JUnitReportReporter -->
<testsuite skipped="0" hostname="JexPC" name="com.testsuite.useraccount.testcase2_userRegistration" tests="1" failures="0" timestamp="02 Aug 2019 15:55:43 GMT" time="4.398" errors="0">
  <testcase name="createAccount" time="4.398" classname="com.testsuite.useraccount.testcase2_userRegistration"/>
</testsuite> <!-- com.testsuite.useraccount.testcase2_userRegistration -->
