<?xml version="1.0" encoding="UTF-8"?>
<!-- Generated by org.testng.reporters.JUnitReportReporter -->
<testsuite skipped="0" hostname="JexPC" name="com.testsuite.useraccount.testcase4_existingUser" tests="1" failures="0" timestamp="10 Aug 2019 15:41:08 GMT" time="3.206" errors="0">
  <testcase name="existingUser" time="3.206" classname="com.testsuite.useraccount.testcase4_existingUser"/>
</testsuite> <!-- com.testsuite.useraccount.testcase4_existingUser -->
