<?xml version="1.0" encoding="UTF-8"?>
<!-- Generated by org.testng.reporters.JUnitReportReporter -->
<testsuite skipped="0" hostname="JexPC" name="testSuite.tc1_Homepage" tests="1" failures="0" timestamp="29 Jul 2019 17:33:57 GMT" time="0.043" errors="0">
  <testcase name="verifyHomePageTitle" time="0.043" classname="testSuite.tc1_Homepage"/>
</testsuite> <!-- testSuite.tc1_Homepage -->
