<?xml version="1.0" encoding="UTF-8"?>
<!-- Generated by org.testng.reporters.JUnitReportReporter -->
<testsuite skipped="0" hostname="JexPC" name="com.testsuite.useraccount.testcase1_verifyHomePage" tests="1" failures="0" timestamp="10 Aug 2019 15:41:08 GMT" time="0.009" errors="0">
  <testcase name="verifyHomePage" time="0.009" classname="com.testsuite.useraccount.testcase1_verifyHomePage"/>
</testsuite> <!-- com.testsuite.useraccount.testcase1_verifyHomePage -->
