<?xml version="1.0" encoding="UTF-8"?>
<!-- Generated by org.testng.reporters.JUnitReportReporter -->
<testsuite skipped="0" hostname="JexPC" name="com.testsuite.useraccount.testcase5_forgotPassword" tests="2" failures="0" timestamp="10 Aug 2019 15:41:08 GMT" time="8.344" errors="0">
  <testcase name="forgotPassword" time="4.527" classname="com.testsuite.useraccount.testcase5_forgotPassword"/>
  <testcase name="forgotPasswordNonExistentUser" time="3.817" classname="com.testsuite.useraccount.testcase5_forgotPassword"/>
</testsuite> <!-- com.testsuite.useraccount.testcase5_forgotPassword -->
