<?xml version="1.0" encoding="UTF-8"?>
<!-- Generated by org.testng.reporters.JUnitReportReporter -->
<testsuite skipped="0" hostname="JexPC" name="com.testsuite.useraccount.testcase1_verifyHomePage" tests="1" failures="0" timestamp="30 Jul 2019 17:30:37 GMT" time="0.015" errors="0">
  <testcase name="verifyHomePage" time="0.015" classname="com.testsuite.useraccount.testcase1_verifyHomePage"/>
</testsuite> <!-- com.testsuite.useraccount.testcase1_verifyHomePage -->
