<?xml version="1.0" encoding="UTF-8"?>
<!-- Generated by org.testng.reporters.JUnitReportReporter -->
<testsuite skipped="0" hostname="JexPC" name="com.testsuite.useraccount.testcase3_userLogin" tests="2" failures="0" timestamp="10 Aug 2019 15:41:08 GMT" time="6.235" errors="0">
  <testcase name="userLogin" time="4.082" classname="com.testsuite.useraccount.testcase3_userLogin"/>
  <testcase name="userLogout" time="2.153" classname="com.testsuite.useraccount.testcase3_userLogin"/>
</testsuite> <!-- com.testsuite.useraccount.testcase3_userLogin -->
